#
# A fatal error has been detected by the Java Runtime Environment:
#
#  EXCEPTION_ACCESS_VIOLATION (0xc0000005) at pc=0x00007ffcf3911be9, pid=7780, tid=18276
#
# JRE version:  (17.0.9+9) (build )
# Java VM: OpenJDK 64-Bit Server VM (17.0.9+9, mixed mode, sharing, tiered, unknown gc, windows-amd64)
# Problematic frame:
# C  [jimage.dll+0x1be9]
#
# No core dump will be written. Minidumps are not enabled by default on client versions of Windows
#
#

---------------  S U M M A R Y ------------

Command Line: 

Host: Intel(R) Core(TM) i5-8250U CPU @ 1.60GHz, 8 cores, 7G,  Windows 11 , 64 bit Build 22621 (10.0.22621.2506)
Time: Sat Feb 10 15:21:49 2024 India Standard Time elapsed time: 0.077463 seconds (0d 0h 0m 0s)

---------------  T H R E A D  ---------------

Current thread is native thread

Stack: [0x000000ba57d00000,0x000000ba57e00000],  sp=0x000000ba57dfd430,  free space=1013k
Native frames: (J=compiled Java code, j=interpreted, Vv=VM code, C=native code)
C  [jimage.dll+0x1be9]
C  [jimage.dll+0x1d77]
C  [jimage.dll+0x2655]
V  [jvm.dll+0x1f357a]
V  [jvm.dll+0xb0a4e]
V  [jvm.dll+0x7e456c]
V  [jvm.dll+0x3f07af]
V  [jvm.dll+0x3f23e1]
C  [jli.dll+0x528f]
C  [ucrtbase.dll+0x29363]
C  [KERNEL32.DLL+0x1257d]
C  [ntdll.dll+0x5aa58]


siginfo: EXCEPTION_ACCESS_VIOLATION (0xc0000005), reading address 0x000000000000a91c


Registers:
RAX=0x0000000000002a40, RBX=0x000000ba57dfd521, RCX=0x00007ffcf3916000, RDX=0x0000000000002a40
RSP=0x000000ba57dfd430, RBP=0x000000ba57dfd520, RSI=0x00000000000071bc, RDI=0x000000ba57dfd520
R8 =0x00007ffcf3914288, R9 =0x000000000000001c, R10=0x00007ffce4d30000, R11=0x00007ffcf3916000
R12=0x0000000000000001, R13=0x000001f81639a700, R14=0x000000ba57dfe590, R15=0x00007ffc50157d88
RIP=0x00007ffcf3911be9, EFLAGS=0x0000000000010246


Top of Stack: (sp=0x000000ba57dfd430)
0x000000ba57dfd430:   000001f8162b0cd4 00000000af0001ae
0x000000ba57dfd440:   000001f8162b0cec 000001f8162b0ca8
0x000000ba57dfd450:   000001f8163a8310 00007ffcf3911d77
0x000000ba57dfd460:   000000000000000b 000001f8163a8310
0x000000ba57dfd470:   00000000000006f5 00000000000006f5
0x000000ba57dfd480:   00000000000006f5 00007ffd005b423a
0x000000ba57dfd490:   000001f816383ae0 000001f86900026b
0x000000ba57dfd4a0:   000001f816380000 000000ba000003ff
0x000000ba57dfd4b0:   00000000000006f5 000001f8185c0080
0x000000ba57dfd4c0:   0000f50041d7f48b 000001f816380150
0x000000ba57dfd4d0:   00007ffc50136830 0000000000000017
0x000000ba57dfd4e0:   000001f8163a8310 000000ba57dfe590
0x000000ba57dfd4f0:   000000000000000b 00007ffcf3912655
0x000000ba57dfd500:   000001f816380000 00007ffd000003ff
0x000000ba57dfd510:   00000000000007b2 000001f8185f54b0
0x000000ba57dfd520:   61622e6176616a2f 692f6b646a2f6573
0x000000ba57dfd530:   2f6c616e7265746e 6f6974706f2f6d76
0x000000ba57dfd540:   000001f81600736e 000001f8185f6fc0
0x000000ba57dfd550:   000001f8000003ff 00000000000007b2
0x000000ba57dfd560:   000001f8185c0000 000001f805010004
0x000000ba57dfd570:   00000000000005eb 0000000000005eb0
0x000000ba57dfd580:   000001f81638007c 000001f816380150
0x000000ba57dfd590:   000001f8185f54a0 00007ffd6900026b
0x000000ba57dfd5a0:   000001f816380000 000000ba02000002
0x000000ba57dfd5b0:   0000000000000000 0000000000000000
0x000000ba57dfd5c0:   000001f816380150 000001f8185fb350
0x000000ba57dfd5d0:   0000000000000000 0000000000000000
0x000000ba57dfd5e0:   00000000000001c7 00007ffd005b423a
0x000000ba57dfd5f0:   000001f816383ae0 000000ba57dfd929
0x000000ba57dfd600:   000001f816380000 00000000000001c7
0x000000ba57dfd610:   000001f8185fb360 000001f8185fb350
0x000000ba57dfd620:   000001f8163802c0 00007ffd005af476 

Instructions: (pc=0x00007ffcf3911be9)
0x00007ffcf3911ae9:   48 85 c9 74 1d 80 3d 1b 45 00 00 00 74 06 48 8b
0x00007ffcf3911af9:   53 18 eb 04 48 8b 53 40 e8 ae 0e 00 00 48 83 63
0x00007ffcf3911b09:   48 00 8b 4b 0c 83 f9 ff 74 09 e8 e4 0c 00 00 83
0x00007ffcf3911b19:   4b 0c ff 48 8b 4b 70 48 85 c9 74 0f ba 10 00 00
0x00007ffcf3911b29:   00 e8 fd 0e 00 00 48 83 63 70 00 48 83 c4 20 5b
0x00007ffcf3911b39:   c3 cc cc 40 53 48 83 ec 20 48 8b d9 48 8d 0d d4
0x00007ffcf3911b49:   46 00 00 e8 b3 0c 00 00 83 6b 08 01 75 24 48 8b
0x00007ffcf3911b59:   d3 48 8d 0d b7 44 00 00 e8 22 08 00 00 48 8b cb
0x00007ffcf3911b69:   e8 de fe ff ff ba 78 00 00 00 48 8b cb e8 b1 0e
0x00007ffcf3911b79:   00 00 48 8d 0d 9e 46 00 00 48 83 c4 20 5b e9 80
0x00007ffcf3911b89:   0c 00 00 48 89 5c 24 08 48 89 74 24 10 57 48 83
0x00007ffcf3911b99:   ec 20 41 8b f1 4d 8b c8 48 8b fa 4c 8b d9 4d 85
0x00007ffcf3911ba9:   c0 74 78 85 f6 74 74 44 8a 12 48 8d 5a 01 48 8b
0x00007ffcf3911bb9:   d3 b8 93 01 00 01 eb 12 69 c0 93 01 00 01 41 0f
0x00007ffcf3911bc9:   b6 ca 44 8a 12 33 c1 48 ff c2 45 84 d2 75 e9 4d
0x00007ffcf3911bd9:   8b 03 0f ba f0 1f 33 d2 49 8b cb f7 f6 48 63 c2
0x00007ffcf3911be9:   41 8b 14 81 41 ff 50 08 85 c0 7e 24 8a 0f eb 10
0x00007ffcf3911bf9:   69 c0 93 01 00 01 0f b6 c9 33 c1 8a 0b 48 ff c3
0x00007ffcf3911c09:   84 c9 75 ec 0f ba f0 1f 33 d2 f7 f6 8b c2 eb 0e
0x00007ffcf3911c19:   79 09 83 c9 ff 2b c8 8b c1 eb 03 83 c8 ff 48 8b
0x00007ffcf3911c29:   5c 24 30 48 8b 74 24 38 48 83 c4 20 5f c3 cc 48
0x00007ffcf3911c39:   89 5c 24 08 48 89 74 24 10 57 48 83 ec 20 48 8b
0x00007ffcf3911c49:   f1 48 8d 0d cf 45 00 00 e8 ae 0b 00 00 33 ff 39
0x00007ffcf3911c59:   3d ba 43 00 00 76 24 48 8b 05 b9 43 00 00 48 8b
0x00007ffcf3911c69:   d6 48 8b 1c f8 48 8b 0b e8 64 1e 00 00 85 c0 74
0x00007ffcf3911c79:   2b ff c7 3b 3d 96 43 00 00 72 dc 33 db 48 8d 0d
0x00007ffcf3911c89:   93 45 00 00 e8 7a 0b 00 00 48 8b 74 24 38 48 8b
0x00007ffcf3911c99:   c3 48 8b 5c 24 30 48 83 c4 20 5f c3 ff 43 08 eb
0x00007ffcf3911ca9:   dc cc cc 48 89 5c 24 08 48 89 74 24 10 57 48 83
0x00007ffcf3911cb9:   ec 20 48 8b d9 48 8b f2 48 8b 49 10 49 8b f8 8b
0x00007ffcf3911cc9:   53 30 48 8b 01 ff 50 20 4c 8b 43 50 48 8b d6 48
0x00007ffcf3911cd9:   8b 4b 10 44 8b c8 e8 a8 fe ff ff 83 f8 ff 74 38 



---------------  P R O C E S S  ---------------

VM state: not at safepoint (not fully initialized)

VM Mutex/Monitor currently owned by a thread: None

GC Precious Log:
<Not initialized>


Dynamic libraries:
0x00007ff68add0000 - 0x00007ff68adde000 	C:\Users\91886\Downloads\sts-4.21.0.RELEASE\plugins\org.eclipse.justj.openjdk.hotspot.jre.full.win32.x86_64_17.0.9.v20231028-0858\jre\bin\javaw.exe
0x00007ffd00570000 - 0x00007ffd00787000 	C:\WINDOWS\SYSTEM32\ntdll.dll
0x00007ffcfe740000 - 0x00007ffcfe804000 	C:\WINDOWS\System32\KERNEL32.DLL
0x00007ffcfdcd0000 - 0x00007ffcfe076000 	C:\WINDOWS\System32\KERNELBASE.dll
0x00007ffcfdb40000 - 0x00007ffcfdc51000 	C:\WINDOWS\System32\ucrtbase.dll
0x00007ffcf70a0000 - 0x00007ffcf70b7000 	C:\Users\91886\Downloads\sts-4.21.0.RELEASE\plugins\org.eclipse.justj.openjdk.hotspot.jre.full.win32.x86_64_17.0.9.v20231028-0858\jre\bin\jli.dll
0x00007ffcfe590000 - 0x00007ffcfe73e000 	C:\WINDOWS\System32\USER32.dll
0x00007ffcfe080000 - 0x00007ffcfe0a6000 	C:\WINDOWS\System32\win32u.dll
0x00007ffcfe560000 - 0x00007ffcfe589000 	C:\WINDOWS\System32\GDI32.dll
0x00007ffcfe0b0000 - 0x00007ffcfe1c8000 	C:\WINDOWS\System32\gdi32full.dll
0x00007ffce4d30000 - 0x00007ffce4d4b000 	C:\Users\91886\Downloads\sts-4.21.0.RELEASE\plugins\org.eclipse.justj.openjdk.hotspot.jre.full.win32.x86_64_17.0.9.v20231028-0858\jre\bin\VCRUNTIME140.dll
0x00007ffcfd8b0000 - 0x00007ffcfd94a000 	C:\WINDOWS\System32\msvcp_win.dll
0x00007ffce9410000 - 0x00007ffce96a3000 	C:\WINDOWS\WinSxS\amd64_microsoft.windows.common-controls_6595b64144ccf1df_6.0.22621.2506_none_270c5ae97388e100\COMCTL32.dll
0x00007ffcfe900000 - 0x00007ffcfe9a7000 	C:\WINDOWS\System32\msvcrt.dll
0x00007ffcff710000 - 0x00007ffcff741000 	C:\WINDOWS\System32\IMM32.DLL
0x00007ffce4cd0000 - 0x00007ffce4cdc000 	C:\Users\91886\Downloads\sts-4.21.0.RELEASE\plugins\org.eclipse.justj.openjdk.hotspot.jre.full.win32.x86_64_17.0.9.v20231028-0858\jre\bin\vcruntime140_1.dll
0x00007ffcc0110000 - 0x00007ffcc019d000 	C:\Users\91886\Downloads\sts-4.21.0.RELEASE\plugins\org.eclipse.justj.openjdk.hotspot.jre.full.win32.x86_64_17.0.9.v20231028-0858\jre\bin\msvcp140.dll
0x00007ffc4f820000 - 0x00007ffc50481000 	C:\Users\91886\Downloads\sts-4.21.0.RELEASE\plugins\org.eclipse.justj.openjdk.hotspot.jre.full.win32.x86_64_17.0.9.v20231028-0858\jre\bin\server\jvm.dll
0x00007ffcfe440000 - 0x00007ffcfe4f3000 	C:\WINDOWS\System32\ADVAPI32.dll
0x00007ffcff5e0000 - 0x00007ffcff688000 	C:\WINDOWS\System32\sechost.dll
0x00007ffcfe290000 - 0x00007ffcfe2b8000 	C:\WINDOWS\System32\bcrypt.dll
0x00007ffd00330000 - 0x00007ffd00447000 	C:\WINDOWS\System32\RPCRT4.dll
0x00007ffcfc6f0000 - 0x00007ffcfc73d000 	C:\WINDOWS\SYSTEM32\POWRPROF.dll
0x00007ffce0720000 - 0x00007ffce0729000 	C:\WINDOWS\SYSTEM32\WSOCK32.dll
0x00007ffcfe3c0000 - 0x00007ffcfe431000 	C:\WINDOWS\System32\WS2_32.dll
0x00007ffcf5c10000 - 0x00007ffcf5c44000 	C:\WINDOWS\SYSTEM32\WINMM.dll
0x00007ffcf5f90000 - 0x00007ffcf5f9a000 	C:\WINDOWS\SYSTEM32\VERSION.dll
0x00007ffcfc6d0000 - 0x00007ffcfc6e3000 	C:\WINDOWS\SYSTEM32\UMPDC.dll
0x00007ffcfc990000 - 0x00007ffcfc9a8000 	C:\WINDOWS\SYSTEM32\kernel.appcore.dll
0x00007ffcf3910000 - 0x00007ffcf391a000 	C:\Users\91886\Downloads\sts-4.21.0.RELEASE\plugins\org.eclipse.justj.openjdk.hotspot.jre.full.win32.x86_64_17.0.9.v20231028-0858\jre\bin\jimage.dll
0x00007ffcfb350000 - 0x00007ffcfb583000 	C:\WINDOWS\SYSTEM32\DBGHELP.DLL
0x00007ffcff220000 - 0x00007ffcff5a9000 	C:\WINDOWS\System32\combase.dll
0x00007ffd00450000 - 0x00007ffd00527000 	C:\WINDOWS\System32\OLEAUT32.dll
0x00007ffcdecc0000 - 0x00007ffcdecf2000 	C:\WINDOWS\SYSTEM32\dbgcore.DLL
0x00007ffcfdac0000 - 0x00007ffcfdb3a000 	C:\WINDOWS\System32\bcryptPrimitives.dll

dbghelp: loaded successfully - version: 4.0.5 - missing functions: none
symbol engine: initialized successfully - sym options: 0x614 - pdb path: .;C:\Users\91886\Downloads\sts-4.21.0.RELEASE\plugins\org.eclipse.justj.openjdk.hotspot.jre.full.win32.x86_64_17.0.9.v20231028-0858\jre\bin;C:\WINDOWS\SYSTEM32;C:\WINDOWS\WinSxS\amd64_microsoft.windows.common-controls_6595b64144ccf1df_6.0.22621.2506_none_270c5ae97388e100;C:\Users\91886\Downloads\sts-4.21.0.RELEASE\plugins\org.eclipse.justj.openjdk.hotspot.jre.full.win32.x86_64_17.0.9.v20231028-0858\jre\bin\server

VM Arguments:
java_command: <unknown>
java_class_path (initial): <not set>
Launcher Type: SUN_STANDARD

[Global flags]
     bool UseLargePagesIndividualAllocation        = false                                  {pd product} {ergonomic}

Logging:
Log output configuration:
 #0: stdout all=warning uptime,level,tags
 #1: stderr all=off uptime,level,tags

Environment Variables:
PATH=C:/Users/91886/Downloads/sts-4.21.0.RELEASE//plugins/org.eclipse.justj.openjdk.hotspot.jre.full.win32.x86_64_17.0.9.v20231028-0858/jre/bin/server;C:/Users/91886/Downloads/sts-4.21.0.RELEASE//plugins/org.eclipse.justj.openjdk.hotspot.jre.full.win32.x86_64_17.0.9.v20231028-0858/jre/bin;C:\Program Files\Common Files\Oracle\Java\javapath\;C:\Program Files\Eclipse Adoptium\jdk-21.0.1.12-hotspot\bin;C:\Program Files\Microsoft MPI\Bin\;F:\python\Scripts\;F:\python\;C:\Windows\system32;C:\Windows;C:\Windows\System32\Wbem;C:\Windows\System32\WindowsPowerShell\v1.0\;C:\Windows\System32\OpenSSH\;C:\Program Files\dotnet\;C:\Program Files\PuTTY\;C:\Program Files\Git\cmd;C:\Program Files\Azure Data Studio\bin;C:\Program Files (x86)\Microsoft SQL Server\160\Tools\Binn\;C:\Program Files\Microsoft SQL Server\160\Tools\Binn\;C:\Program Files\Microsoft SQL Server\Client SDK\ODBC\170\Tools\Binn\;C:\Program Files\Microsoft SQL Server\160\DTS\Binn\;C:\Program Files (x86)\Microsoft SQL Server\150\DTS\Binn\;C:\Program Files (x86)\NVIDIA Corporation\PhysX\Common;C:\Program Files\Docker\Docker\resources\bin;C:\Program Files\BellSoft\LibericaJDK-8\bin;C:\WINDOWS\system32;C:\WINDOWS;C:\WINDOWS\System32\Wbem;C:\WINDOWS\System32\WindowsPowerShell\v1.0\;C:\WINDOWS\System32\OpenSSH\;C:\Program Files\MySQL\MySQL Server 8.0\bin;C:\Program Files\node js;C:\Program Files\nodejs\;C:\Program Files\MySQL\MySQL Shell 8.0\bin\;C:\Users\91886\AppData\Local\Microsoft\WindowsApps;C:\Users\91886\AppData\Roaming\npm;F:\Users\91886\AppData\Local\JetBrains\WebStorm 2022.3.2\bin;C:\Users\91886\nginx-1.23.3;F:\laragon\bin\composer;F:\laragon\bin\php\php-8.1.10-Win32-vs16-x64;C:\Users\91886\AppData\Local\Microsoft\WindowsApps;C:\Users\91886\AppData\Local\Programs\Microsoft VS Code\bin;C:\WINDOWS\system32;
USERNAME=91886
OS=Windows_NT
PROCESSOR_IDENTIFIER=Intel64 Family 6 Model 142 Stepping 10, GenuineIntel
TMP=C:\Users\91886\AppData\Local\Temp
TEMP=C:\Users\91886\AppData\Local\Temp



Periodic native trim disabled


---------------  S Y S T E M  ---------------

OS:
 Windows 11 , 64 bit Build 22621 (10.0.22621.2506)
OS uptime: 0 days 1:40 hours

CPU: total 8 (initial active 0) 
Processor Information for all 8 processors :
  Max Mhz: 1800, Current Mhz: 1600, Mhz Limit: 1584

Memory: 4k page, system-wide physical 8025M (796M free)
TotalPageFile size 10830M (AvailPageFile size 67M)
current process WorkingSet (physical memory assigned to process): 8M, peak: 8M
current process commit charge ("private bytes"): 3M, peak: 3M

vm_info: OpenJDK 64-Bit Server VM (17.0.9+9) for windows-amd64 JRE (17.0.9+9), built on Oct 26 2023 14:01:42 by "admin" with MS VC++ 16.10 / 16.11 (VS2019)

END.
